app/build/intermediates/manifest_merge_blame_file/debug/manifest-merger-blame-debug-report.txt
1<?xml version="1.0" encoding="utf-8"?>
2<manifest xmlns:android="http://schemas.android.com/apk/res/android"
3    package="com.dante.educhat"
4    android:versionCode="8"
5    android:versionName="1.0.4" >
6
7    <uses-sdk
8        android:minSdkVersion="22"
8-->src\main\AndroidManifest.xml
9        android:targetSdkVersion="30" />
9-->src\main\AndroidManifest.xml
10
11    <uses-feature
11-->src\main\AndroidManifest.xml:6:5-8:36
12        android:name="android.hardware.camera"
12-->src\main\AndroidManifest.xml:7:9-47
13        android:required="false" />
13-->src\main\AndroidManifest.xml:8:9-33
14
15    <uses-permission android:name="android.permission.INTERNET" />
15-->src\main\AndroidManifest.xml:10:5-67
15-->src\main\AndroidManifest.xml:10:22-64
16    <uses-permission android:name="android.permission.CAMERA" />
16-->src\main\AndroidManifest.xml:11:5-65
16-->src\main\AndroidManifest.xml:11:22-62
17    <uses-permission android:name="android.permission.ACCESS_FINE_LOCATION" />
17-->src\main\AndroidManifest.xml:12:5-79
17-->src\main\AndroidManifest.xml:12:22-76
18    <uses-permission android:name="android.permission.READ_EXTERNAL_STORAGE" />
18-->src\main\AndroidManifest.xml:13:5-80
18-->src\main\AndroidManifest.xml:13:22-77
19    <uses-permission android:name="android.permission.WRITE_EXTERNAL_STORAGE" />
19-->src\main\AndroidManifest.xml:14:5-15:40
19-->src\main\AndroidManifest.xml:14:22-78
20    <uses-permission android:name="android.permission.READ_CONTACTS" />
20-->src\main\AndroidManifest.xml:16:5-72
20-->src\main\AndroidManifest.xml:16:22-69
21    <uses-permission android:name="android.permission.ACCESS_NETWORK_STATE" /> <!-- Android package visibility setting -->
21-->[com.google.firebase:firebase-auth:20.0.1] AndroidManifest.xml:24:5-79
21-->[com.google.firebase:firebase-auth:20.0.1] AndroidManifest.xml:24:22-76
22    <queries>
22-->[com.google.android.gms:play-services-ads-lite:19.6.0] AndroidManifest.xml:27:5-38:15
23
24        <!-- For browser content -->
25        <intent>
25-->[com.google.android.gms:play-services-ads-lite:19.6.0] AndroidManifest.xml:30:9-36:18
26            <action android:name="android.intent.action.VIEW" />
26-->[com.google.firebase:firebase-auth:20.0.1] AndroidManifest.xml:34:17-69
26-->[com.google.firebase:firebase-auth:20.0.1] AndroidManifest.xml:34:25-66
27
28            <category android:name="android.intent.category.BROWSABLE" />
28-->[com.google.firebase:firebase-auth:20.0.1] AndroidManifest.xml:37:17-78
28-->[com.google.firebase:firebase-auth:20.0.1] AndroidManifest.xml:37:27-75
29
30            <data android:scheme="https" />
30-->[com.google.firebase:firebase-auth:20.0.1] AndroidManifest.xml:39:17-42:51
30-->[com.google.firebase:firebase-auth:20.0.1] AndroidManifest.xml:42:21-48
31        </intent>
32        <!-- End of browser content -->
33    </queries>
34
35    <uses-permission android:name="android.permission.WAKE_LOCK" />
35-->[androidx.work:work-runtime:2.4.0] AndroidManifest.xml:25:5-68
35-->[androidx.work:work-runtime:2.4.0] AndroidManifest.xml:25:22-65
36    <uses-permission android:name="android.permission.RECEIVE_BOOT_COMPLETED" />
36-->[androidx.work:work-runtime:2.4.0] AndroidManifest.xml:27:5-81
36-->[androidx.work:work-runtime:2.4.0] AndroidManifest.xml:27:22-78
37    <uses-permission android:name="android.permission.FOREGROUND_SERVICE" /> <!-- Required by older versions of Google Play services to create IID tokens -->
37-->[androidx.work:work-runtime:2.4.0] AndroidManifest.xml:28:5-77
37-->[androidx.work:work-runtime:2.4.0] AndroidManifest.xml:28:22-74
38    <uses-permission android:name="com.google.android.c2dm.permission.RECEIVE" />
38-->[com.google.firebase:firebase-iid:21.0.0] AndroidManifest.xml:26:5-82
38-->[com.google.firebase:firebase-iid:21.0.0] AndroidManifest.xml:26:22-79
39    <uses-permission android:name="com.google.android.finsky.permission.BIND_GET_INSTALL_REFERRER_SERVICE" />
39-->[com.google.android.gms:play-services-measurement:18.0.0] AndroidManifest.xml:26:5-110
39-->[com.google.android.gms:play-services-measurement:18.0.0] AndroidManifest.xml:26:22-107
40
41    <application
41-->src\main\AndroidManifest.xml:18:5-131:19
42        android:allowBackup="true"
42-->src\main\AndroidManifest.xml:19:9-35
43        android:appComponentFactory="androidx.core.app.CoreComponentFactory"
43-->[androidx.core:core:1.3.2] AndroidManifest.xml:24:18-86
44        android:debuggable="true"
45        android:fullBackupContent="true"
45-->src\main\AndroidManifest.xml:20:9-41
46        android:icon="@mipmap/ic_launcher"
46-->src\main\AndroidManifest.xml:21:9-43
47        android:label="@string/app_name"
47-->src\main\AndroidManifest.xml:22:9-41
48        android:largeHeap="true"
48-->src\main\AndroidManifest.xml:23:9-33
49        android:roundIcon="@mipmap/ic_launcher_round"
49-->src\main\AndroidManifest.xml:24:9-54
50        android:supportsRtl="true"
50-->src\main\AndroidManifest.xml:25:9-35
51        android:testOnly="true"
52        android:theme="@style/AppTheme"
52-->src\main\AndroidManifest.xml:26:9-40
53        android:usesCleartextTraffic="true" >
53-->src\main\AndroidManifest.xml:28:9-44
54        <activity
54-->src\main\AndroidManifest.xml:31:9-33:72
55            android:name="com.dante.educhat.general.AboutActivity"
55-->src\main\AndroidManifest.xml:31:19-56
56            android:screenOrientation="portrait"
56-->src\main\AndroidManifest.xml:32:13-49
57            android:windowSoftInputMode="stateAlwaysHidden|adjustPan" />
57-->src\main\AndroidManifest.xml:33:13-70
58        <activity
58-->src\main\AndroidManifest.xml:35:9-37:72
59            android:name="com.dante.educhat.general.ViewNotificationsActivity"
59-->src\main\AndroidManifest.xml:35:19-68
60            android:screenOrientation="portrait"
60-->src\main\AndroidManifest.xml:36:13-49
61            android:windowSoftInputMode="stateAlwaysHidden|adjustPan" />
61-->src\main\AndroidManifest.xml:37:13-70
62        <activity
62-->src\main\AndroidManifest.xml:39:9-41:72
63            android:name="com.dante.educhat.general.StudentProfileActivity"
63-->src\main\AndroidManifest.xml:39:19-65
64            android:screenOrientation="portrait"
64-->src\main\AndroidManifest.xml:40:13-49
65            android:windowSoftInputMode="stateAlwaysHidden|adjustPan" />
65-->src\main\AndroidManifest.xml:41:13-70
66        <activity
66-->src\main\AndroidManifest.xml:43:9-45:72
67            android:name="com.dante.educhat.general.FilterSubjectsActivity"
67-->src\main\AndroidManifest.xml:43:19-65
68            android:screenOrientation="portrait"
68-->src\main\AndroidManifest.xml:44:13-49
69            android:windowSoftInputMode="stateAlwaysHidden|adjustPan" />
69-->src\main\AndroidManifest.xml:45:13-70
70        <activity
70-->src\main\AndroidManifest.xml:47:9-49:72
71            android:name="com.dante.educhat.general.ClassMatesActivity"
71-->src\main\AndroidManifest.xml:47:19-61
72            android:screenOrientation="portrait"
72-->src\main\AndroidManifest.xml:48:13-49
73            android:windowSoftInputMode="stateAlwaysHidden|adjustPan" />
73-->src\main\AndroidManifest.xml:49:13-70
74        <activity
74-->src\main\AndroidManifest.xml:51:9-53:72
75            android:name="com.dante.educhat.general.ReminderActivity"
75-->src\main\AndroidManifest.xml:51:19-59
76            android:screenOrientation="portrait"
76-->src\main\AndroidManifest.xml:52:13-49
77            android:windowSoftInputMode="stateAlwaysHidden|adjustPan" />
77-->src\main\AndroidManifest.xml:53:13-70
78        <activity
78-->src\main\AndroidManifest.xml:55:9-57:72
79            android:name="com.dante.educhat.general.ClassNotesActivity"
79-->src\main\AndroidManifest.xml:55:19-61
80            android:screenOrientation="portrait"
80-->src\main\AndroidManifest.xml:56:13-49
81            android:windowSoftInputMode="stateAlwaysHidden|adjustPan" />
81-->src\main\AndroidManifest.xml:57:13-70
82        <activity
82-->src\main\AndroidManifest.xml:59:9-61:72
83            android:name="com.dante.educhat.general.UploadFilesActivity"
83-->src\main\AndroidManifest.xml:59:19-62
84            android:screenOrientation="portrait"
84-->src\main\AndroidManifest.xml:60:13-49
85            android:windowSoftInputMode="stateAlwaysHidden|adjustPan" />
85-->src\main\AndroidManifest.xml:61:13-70
86        <activity
86-->src\main\AndroidManifest.xml:63:9-65:72
87            android:name="com.dante.educhat.auth.StudentDetailsActivity"
87-->src\main\AndroidManifest.xml:63:19-62
88            android:screenOrientation="portrait"
88-->src\main\AndroidManifest.xml:64:13-49
89            android:windowSoftInputMode="stateAlwaysHidden|adjustPan" />
89-->src\main\AndroidManifest.xml:65:13-70
90        <activity
90-->src\main\AndroidManifest.xml:67:9-69:73
91            android:name="com.dante.educhat.general.HomeActivity"
91-->src\main\AndroidManifest.xml:67:19-55
92            android:screenOrientation="portrait"
92-->src\main\AndroidManifest.xml:68:13-49
93            android:windowSoftInputMode="stateAlwaysHidden|adjustPan" />
93-->src\main\AndroidManifest.xml:69:13-70
94        <activity
94-->src\main\AndroidManifest.xml:71:9-78:20
95            android:name="com.dante.educhat.onboarding.SplashScreenActivity"
95-->src\main\AndroidManifest.xml:71:19-66
96            android:exported="true" >
96-->src\main\AndroidManifest.xml:72:13-36
97            <intent-filter>
97-->src\main\AndroidManifest.xml:73:13-77:29
98                <action android:name="android.intent.action.MAIN" />
98-->src\main\AndroidManifest.xml:74:17-69
98-->src\main\AndroidManifest.xml:74:25-66
99
100                <category android:name="android.intent.category.LAUNCHER" />
100-->src\main\AndroidManifest.xml:76:17-77
100-->src\main\AndroidManifest.xml:76:27-74
101            </intent-filter>
102        </activity>
103        <activity
103-->src\main\AndroidManifest.xml:80:9-82:72
104            android:name="com.dante.educhat.auth.AuthenticationActivity"
104-->src\main\AndroidManifest.xml:80:19-62
105            android:screenOrientation="portrait"
105-->src\main\AndroidManifest.xml:81:13-49
106            android:windowSoftInputMode="stateAlwaysHidden|adjustPan" />
106-->src\main\AndroidManifest.xml:82:13-70
107        <activity
107-->src\main\AndroidManifest.xml:84:9-86:72
108            android:name="com.dante.educhat.onboarding.GettingStartedActivity"
108-->src\main\AndroidManifest.xml:84:19-68
109            android:screenOrientation="portrait"
109-->src\main\AndroidManifest.xml:85:13-49
110            android:windowSoftInputMode="stateAlwaysHidden|adjustPan" />
110-->src\main\AndroidManifest.xml:86:13-70
111
112        <meta-data
112-->src\main\AndroidManifest.xml:88:9-90:69
113            android:name="com.google.android.gms.version"
113-->src\main\AndroidManifest.xml:89:13-58
114            android:value="@integer/google_play_services_version" />
114-->src\main\AndroidManifest.xml:90:13-66
115
116        <!-- Google Ads SDK -->
117        <meta-data
117-->src\main\AndroidManifest.xml:93:9-95:52
118            android:name="com.google.android.gms.ads.APPLICATION_ID"
118-->src\main\AndroidManifest.xml:94:13-69
119            android:value="@string/admob_app_id" />
119-->src\main\AndroidManifest.xml:95:13-49
120        <meta-data
120-->src\main\AndroidManifest.xml:98:9-100:57
121            android:name="preloaded_fonts"
121-->src\main\AndroidManifest.xml:99:13-43
122            android:resource="@array/preloaded_fonts" />
122-->src\main\AndroidManifest.xml:100:13-54
123        <meta-data
123-->src\main\AndroidManifest.xml:102:9-104:49
124            android:name="com.google.firebase.messaging.default_notification_icon"
124-->src\main\AndroidManifest.xml:103:13-83
125            android:resource="@drawable/logo" />
125-->src\main\AndroidManifest.xml:104:13-46
126        <meta-data
126-->src\main\AndroidManifest.xml:106:9-108:54
127            android:name="com.google.firebase.messaging.default_notification_color"
127-->src\main\AndroidManifest.xml:107:13-84
128            android:resource="@color/colorPrimary" />
128-->src\main\AndroidManifest.xml:108:13-51
129        <meta-data
129-->src\main\AndroidManifest.xml:110:9-112:71
130            android:name="com.google.firebase.messaging.default_notification_channel_id"
130-->src\main\AndroidManifest.xml:111:13-89
131            android:value="@string/default_notification_channel_id" />
131-->src\main\AndroidManifest.xml:112:13-68
132
133        <service
133-->src\main\AndroidManifest.xml:114:9-122:19
134            android:name="com.dante.educhat.firebase.MyFirebaseMessagingService"
134-->src\main\AndroidManifest.xml:115:13-64
135            android:exported="false"
135-->src\main\AndroidManifest.xml:116:13-37
136            android:permission="com.google.android.c2dm.permission.SEND" >
136-->src\main\AndroidManifest.xml:117:13-73
137            <intent-filter>
137-->src\main\AndroidManifest.xml:118:13-121:29
138                <action android:name="com.google.firebase.MESSAGING_EVENT" />
138-->src\main\AndroidManifest.xml:119:17-78
138-->src\main\AndroidManifest.xml:119:25-75
139                <action android:name="com.google.android.c2dm.intent.RECEIVE" />
139-->src\main\AndroidManifest.xml:120:17-81
139-->src\main\AndroidManifest.xml:120:25-78
140            </intent-filter>
141        </service>
142
143        <receiver android:name="com.dante.educhat.firebase.NotificationBroadcastReceiver" />
143-->src\main\AndroidManifest.xml:124:9-126:45
143-->src\main\AndroidManifest.xml:125:13-67
144
145        <uses-library
145-->src\main\AndroidManifest.xml:128:9-130:40
146            android:name="org.apache.http.legacy"
146-->src\main\AndroidManifest.xml:129:13-50
147            android:required="false" />
147-->src\main\AndroidManifest.xml:130:13-37
148
149        <service
149-->[com.google.firebase:firebase-storage-ktx:19.2.0] AndroidManifest.xml:12:9-18:19
150            android:name="com.google.firebase.components.ComponentDiscoveryService"
150-->[com.google.firebase:firebase-storage-ktx:19.2.0] AndroidManifest.xml:13:13-84
151            android:directBootAware="true"
151-->[com.google.firebase:firebase-common:20.2.0] AndroidManifest.xml:34:13-43
152            android:exported="false" >
152-->[com.google.firebase:firebase-storage-ktx:19.2.0] AndroidManifest.xml:14:13-37
153            <meta-data
153-->[com.google.firebase:firebase-storage-ktx:19.2.0] AndroidManifest.xml:15:13-17:85
154                android:name="com.google.firebase.components:com.google.firebase.storage.ktx.FirebaseStorageKtxRegistrar"
154-->[com.google.firebase:firebase-storage-ktx:19.2.0] AndroidManifest.xml:16:17-122
155                android:value="com.google.firebase.components.ComponentRegistrar" />
155-->[com.google.firebase:firebase-storage-ktx:19.2.0] AndroidManifest.xml:17:17-82
156            <meta-data
156-->[com.google.firebase:firebase-crashlytics-ktx:17.2.2] AndroidManifest.xml:27:13-29:85
157                android:name="com.google.firebase.components:com.google.firebase.crashlytics.ktx.FirebaseCrashlyticsKtxRegistrar"
157-->[com.google.firebase:firebase-crashlytics-ktx:17.2.2] AndroidManifest.xml:28:17-130
158                android:value="com.google.firebase.components.ComponentRegistrar" />
158-->[com.google.firebase:firebase-crashlytics-ktx:17.2.2] AndroidManifest.xml:29:17-82
159            <meta-data
159-->[com.google.firebase:firebase-analytics-ktx:18.0.0] AndroidManifest.xml:11:13-13:85
160                android:name="com.google.firebase.components:com.google.firebase.analytics.ktx.FirebaseAnalyticsKtxRegistrar"
160-->[com.google.firebase:firebase-analytics-ktx:18.0.0] AndroidManifest.xml:12:17-126
161                android:value="com.google.firebase.components.ComponentRegistrar" />
161-->[com.google.firebase:firebase-analytics-ktx:18.0.0] AndroidManifest.xml:13:17-82
162            <meta-data
162-->[com.google.firebase:firebase-database-ktx:19.5.1] AndroidManifest.xml:15:13-17:85
163                android:name="com.google.firebase.components:com.google.firebase.database.ktx.FirebaseDatabaseKtxRegistrar"
163-->[com.google.firebase:firebase-database-ktx:19.5.1] AndroidManifest.xml:16:17-124
164                android:value="com.google.firebase.components.ComponentRegistrar" />
164-->[com.google.firebase:firebase-database-ktx:19.5.1] AndroidManifest.xml:17:17-82
165            <meta-data
165-->[com.google.firebase:firebase-messaging-ktx:21.0.0] AndroidManifest.xml:29:13-31:85
166                android:name="com.google.firebase.components:com.google.firebase.messaging.ktx.FirebaseMessagingKtxRegistrar"
166-->[com.google.firebase:firebase-messaging-ktx:21.0.0] AndroidManifest.xml:30:17-126
167                android:value="com.google.firebase.components.ComponentRegistrar" />
167-->[com.google.firebase:firebase-messaging-ktx:21.0.0] AndroidManifest.xml:31:17-82
168            <meta-data
168-->[com.google.firebase:firebase-common-ktx:19.3.1] AndroidManifest.xml:15:13-17:85
169                android:name="com.google.firebase.components:com.google.firebase.ktx.FirebaseCommonKtxRegistrar"
169-->[com.google.firebase:firebase-common-ktx:19.3.1] AndroidManifest.xml:16:17-113
170                android:value="com.google.firebase.components.ComponentRegistrar" />
170-->[com.google.firebase:firebase-common-ktx:19.3.1] AndroidManifest.xml:17:17-82
171            <meta-data
171-->[com.google.firebase:firebase-auth:20.0.1] AndroidManifest.xml:77:13-79:85
172                android:name="com.google.firebase.components:com.google.firebase.auth.FirebaseAuthRegistrar"
172-->[com.google.firebase:firebase-auth:20.0.1] AndroidManifest.xml:78:17-109
173                android:value="com.google.firebase.components.ComponentRegistrar" />
173-->[com.google.firebase:firebase-auth:20.0.1] AndroidManifest.xml:79:17-82
174            <meta-data
174-->[com.google.firebase:firebase-database:20.1.0] AndroidManifest.xml:31:13-33:85
175                android:name="com.google.firebase.components:com.google.firebase.database.DatabaseRegistrar"
175-->[com.google.firebase:firebase-database:20.1.0] AndroidManifest.xml:32:17-109
176                android:value="com.google.firebase.components.ComponentRegistrar" />
176-->[com.google.firebase:firebase-database:20.1.0] AndroidManifest.xml:33:17-82
177            <meta-data
177-->[com.google.firebase:firebase-messaging:21.0.0] AndroidManifest.xml:39:13-41:85
178                android:name="com.google.firebase.components:com.google.firebase.messaging.FirebaseMessagingRegistrar"
178-->[com.google.firebase:firebase-messaging:21.0.0] AndroidManifest.xml:40:17-119
179                android:value="com.google.firebase.components.ComponentRegistrar" />
179-->[com.google.firebase:firebase-messaging:21.0.0] AndroidManifest.xml:41:17-82
180            <meta-data
180-->[com.google.firebase:firebase-iid:21.0.0] AndroidManifest.xml:32:13-34:85
181                android:name="com.google.firebase.components:com.google.firebase.iid.Registrar"
181-->[com.google.firebase:firebase-iid:21.0.0] AndroidManifest.xml:33:17-96
182                android:value="com.google.firebase.components.ComponentRegistrar" />
182-->[com.google.firebase:firebase-iid:21.0.0] AndroidManifest.xml:34:17-82
183            <meta-data
183-->[com.google.firebase:firebase-crashlytics:17.2.2] AndroidManifest.xml:16:13-18:85
184                android:name="com.google.firebase.components:com.google.firebase.crashlytics.CrashlyticsRegistrar"
184-->[com.google.firebase:firebase-crashlytics:17.2.2] AndroidManifest.xml:17:17-115
185                android:value="com.google.firebase.components.ComponentRegistrar" />
185-->[com.google.firebase:firebase-crashlytics:17.2.2] AndroidManifest.xml:18:17-82
186            <meta-data
186-->[com.google.firebase:firebase-datatransport:17.0.3] AndroidManifest.xml:28:13-30:85
187                android:name="com.google.firebase.components:com.google.firebase.datatransport.TransportRegistrar"
187-->[com.google.firebase:firebase-datatransport:17.0.3] AndroidManifest.xml:29:17-115
188                android:value="com.google.firebase.components.ComponentRegistrar" />
188-->[com.google.firebase:firebase-datatransport:17.0.3] AndroidManifest.xml:30:17-82
189            <meta-data
189-->[com.google.firebase:firebase-storage:19.2.0] AndroidManifest.xml:33:13-35:85
190                android:name="com.google.firebase.components:com.google.firebase.storage.StorageRegistrar"
190-->[com.google.firebase:firebase-storage:19.2.0] AndroidManifest.xml:34:17-107
191                android:value="com.google.firebase.components.ComponentRegistrar" />
191-->[com.google.firebase:firebase-storage:19.2.0] AndroidManifest.xml:35:17-82
192            <meta-data
192-->[com.google.android.gms:play-services-measurement-api:18.0.0] AndroidManifest.xml:30:13-32:85
193                android:name="com.google.firebase.components:com.google.firebase.analytics.connector.internal.AnalyticsConnectorRegistrar"
193-->[com.google.android.gms:play-services-measurement-api:18.0.0] AndroidManifest.xml:31:17-139
194                android:value="com.google.firebase.components.ComponentRegistrar" />
194-->[com.google.android.gms:play-services-measurement-api:18.0.0] AndroidManifest.xml:32:17-82
195            <meta-data
195-->[com.google.firebase:firebase-installations:16.3.3] AndroidManifest.xml:17:13-19:85
196                android:name="com.google.firebase.components:com.google.firebase.installations.FirebaseInstallationsRegistrar"
196-->[com.google.firebase:firebase-installations:16.3.3] AndroidManifest.xml:18:17-127
197                android:value="com.google.firebase.components.ComponentRegistrar" />
197-->[com.google.firebase:firebase-installations:16.3.3] AndroidManifest.xml:19:17-82
198        </service>
199
200        <activity
200-->[com.google.firebase:firebase-auth:20.0.1] AndroidManifest.xml:27:9-44:20
201            android:name="com.google.firebase.auth.internal.GenericIdpActivity"
201-->[com.google.firebase:firebase-auth:20.0.1] AndroidManifest.xml:28:13-80
202            android:excludeFromRecents="true"
202-->[com.google.firebase:firebase-auth:20.0.1] AndroidManifest.xml:29:13-46
203            android:exported="true"
203-->[com.google.firebase:firebase-auth:20.0.1] AndroidManifest.xml:30:13-36
204            android:launchMode="singleTask"
204-->[com.google.firebase:firebase-auth:20.0.1] AndroidManifest.xml:31:13-44
205            android:theme="@android:style/Theme.Translucent.NoTitleBar" >
205-->[com.google.firebase:firebase-auth:20.0.1] AndroidManifest.xml:32:13-72
206            <intent-filter>
206-->[com.google.firebase:firebase-auth:20.0.1] AndroidManifest.xml:33:13-43:29
207                <action android:name="android.intent.action.VIEW" />
207-->[com.google.firebase:firebase-auth:20.0.1] AndroidManifest.xml:34:17-69
207-->[com.google.firebase:firebase-auth:20.0.1] AndroidManifest.xml:34:25-66
208
209                <category android:name="android.intent.category.DEFAULT" />
209-->[com.google.firebase:firebase-auth:20.0.1] AndroidManifest.xml:36:17-76
209-->[com.google.firebase:firebase-auth:20.0.1] AndroidManifest.xml:36:27-73
210                <category android:name="android.intent.category.BROWSABLE" />
210-->[com.google.firebase:firebase-auth:20.0.1] AndroidManifest.xml:37:17-78
210-->[com.google.firebase:firebase-auth:20.0.1] AndroidManifest.xml:37:27-75
211
212                <data
212-->[com.google.firebase:firebase-auth:20.0.1] AndroidManifest.xml:39:17-42:51
213                    android:host="firebase.auth"
213-->[com.google.firebase:firebase-auth:20.0.1] AndroidManifest.xml:40:21-49
214                    android:path="/"
214-->[com.google.firebase:firebase-auth:20.0.1] AndroidManifest.xml:41:21-37
215                    android:scheme="genericidp" />
215-->[com.google.firebase:firebase-auth:20.0.1] AndroidManifest.xml:42:21-48
216            </intent-filter>
217        </activity>
218        <activity
218-->[com.google.firebase:firebase-auth:20.0.1] AndroidManifest.xml:45:9-62:20
219            android:name="com.google.firebase.auth.internal.RecaptchaActivity"
219-->[com.google.firebase:firebase-auth:20.0.1] AndroidManifest.xml:46:13-79
220            android:excludeFromRecents="true"
220-->[com.google.firebase:firebase-auth:20.0.1] AndroidManifest.xml:47:13-46
221            android:exported="true"
221-->[com.google.firebase:firebase-auth:20.0.1] AndroidManifest.xml:48:13-36
222            android:launchMode="singleTask"
222-->[com.google.firebase:firebase-auth:20.0.1] AndroidManifest.xml:49:13-44
223            android:theme="@android:style/Theme.Translucent.NoTitleBar" >
223-->[com.google.firebase:firebase-auth:20.0.1] AndroidManifest.xml:50:13-72
224            <intent-filter>
224-->[com.google.firebase:firebase-auth:20.0.1] AndroidManifest.xml:51:13-61:29
225                <action android:name="android.intent.action.VIEW" />
225-->[com.google.firebase:firebase-auth:20.0.1] AndroidManifest.xml:34:17-69
225-->[com.google.firebase:firebase-auth:20.0.1] AndroidManifest.xml:34:25-66
226
227                <category android:name="android.intent.category.DEFAULT" />
227-->[com.google.firebase:firebase-auth:20.0.1] AndroidManifest.xml:36:17-76
227-->[com.google.firebase:firebase-auth:20.0.1] AndroidManifest.xml:36:27-73
228                <category android:name="android.intent.category.BROWSABLE" />
228-->[com.google.firebase:firebase-auth:20.0.1] AndroidManifest.xml:37:17-78
228-->[com.google.firebase:firebase-auth:20.0.1] AndroidManifest.xml:37:27-75
229
230                <data
230-->[com.google.firebase:firebase-auth:20.0.1] AndroidManifest.xml:39:17-42:51
231                    android:host="firebase.auth"
231-->[com.google.firebase:firebase-auth:20.0.1] AndroidManifest.xml:40:21-49
232                    android:path="/"
232-->[com.google.firebase:firebase-auth:20.0.1] AndroidManifest.xml:41:21-37
233                    android:scheme="recaptcha" />
233-->[com.google.firebase:firebase-auth:20.0.1] AndroidManifest.xml:42:21-48
234            </intent-filter>
235        </activity>
236
237        <service
237-->[com.google.firebase:firebase-auth:20.0.1] AndroidManifest.xml:64:9-73:19
238            android:name="com.google.firebase.auth.api.fallback.service.FirebaseAuthFallbackService"
238-->[com.google.firebase:firebase-auth:20.0.1] AndroidManifest.xml:65:13-101
239            android:enabled="true"
239-->[com.google.firebase:firebase-auth:20.0.1] AndroidManifest.xml:66:13-35
240            android:exported="false" >
240-->[com.google.firebase:firebase-auth:20.0.1] AndroidManifest.xml:67:13-37
241            <intent-filter>
241-->[com.google.firebase:firebase-auth:20.0.1] AndroidManifest.xml:68:13-72:29
242                <action android:name="com.google.firebase.auth.api.gms.service.START" />
242-->[com.google.firebase:firebase-auth:20.0.1] AndroidManifest.xml:69:17-89
242-->[com.google.firebase:firebase-auth:20.0.1] AndroidManifest.xml:69:25-86
243
244                <category android:name="android.intent.category.DEFAULT" />
244-->[com.google.firebase:firebase-auth:20.0.1] AndroidManifest.xml:36:17-76
244-->[com.google.firebase:firebase-auth:20.0.1] AndroidManifest.xml:36:27-73
245            </intent-filter>
246        </service> <!-- Include the AdActivity and InAppPurchaseActivity configChanges and themes. -->
247        <activity
247-->[com.google.android.gms:play-services-ads-lite:19.6.0] AndroidManifest.xml:43:9-47:64
248            android:name="com.google.android.gms.ads.AdActivity"
248-->[com.google.android.gms:play-services-ads-lite:19.6.0] AndroidManifest.xml:44:13-65
249            android:configChanges="keyboard|keyboardHidden|orientation|screenLayout|uiMode|screenSize|smallestScreenSize"
249-->[com.google.android.gms:play-services-ads-lite:19.6.0] AndroidManifest.xml:45:13-122
250            android:exported="false"
250-->[com.google.android.gms:play-services-ads-lite:19.6.0] AndroidManifest.xml:46:13-37
251            android:theme="@android:style/Theme.Translucent" />
251-->[com.google.android.gms:play-services-ads-lite:19.6.0] AndroidManifest.xml:47:13-61
252
253        <provider
253-->[com.google.android.gms:play-services-ads-lite:19.6.0] AndroidManifest.xml:49:9-53:39
254            android:name="com.google.android.gms.ads.MobileAdsInitProvider"
254-->[com.google.android.gms:play-services-ads-lite:19.6.0] AndroidManifest.xml:50:13-76
255            android:authorities="com.dante.educhat.mobileadsinitprovider"
255-->[com.google.android.gms:play-services-ads-lite:19.6.0] AndroidManifest.xml:51:13-73
256            android:exported="false"
256-->[com.google.android.gms:play-services-ads-lite:19.6.0] AndroidManifest.xml:52:13-37
257            android:initOrder="100" />
257-->[com.google.android.gms:play-services-ads-lite:19.6.0] AndroidManifest.xml:53:13-36
258
259        <service
259-->[com.google.android.gms:play-services-ads-lite:19.6.0] AndroidManifest.xml:55:9-58:40
260            android:name="com.google.android.gms.ads.AdService"
260-->[com.google.android.gms:play-services-ads-lite:19.6.0] AndroidManifest.xml:56:13-64
261            android:enabled="true"
261-->[com.google.android.gms:play-services-ads-lite:19.6.0] AndroidManifest.xml:57:13-35
262            android:exported="false" />
262-->[com.google.android.gms:play-services-ads-lite:19.6.0] AndroidManifest.xml:58:13-37
263
264        <provider
264-->[androidx.work:work-runtime:2.4.0] AndroidManifest.xml:31:9-37:35
265            android:name="androidx.work.impl.WorkManagerInitializer"
265-->[androidx.work:work-runtime:2.4.0] AndroidManifest.xml:32:13-69
266            android:authorities="com.dante.educhat.workmanager-init"
266-->[androidx.work:work-runtime:2.4.0] AndroidManifest.xml:33:13-68
267            android:directBootAware="false"
267-->[androidx.work:work-runtime:2.4.0] AndroidManifest.xml:34:13-44
268            android:exported="false"
268-->[androidx.work:work-runtime:2.4.0] AndroidManifest.xml:35:13-37
269            android:multiprocess="true" />